Loading grants data...
Loaded 104 grants
Loading publications CSV...
Loaded 1367 publications
\nStarting grant-publication matching...
Processing 53 unique researchers...
\nProcessing Mehdi Korki (1 grants)...
  Found 4 publications
    Grant: Detection of sleep apnea using PPG and peripheral ...
    Date range: 2024 - 2027
    Publications in range: 0
\nProcessing Susan Rossell (13 grants)...
  Found 1087 publications
    Grant: Psilocybin assisted psychotherapy for obsessive co...
    Date range: 2024 - 2028
    Publications in range: 52
    MATCH FOUND!
      Publication: Deep Brain Stimulation for Obsessive-Compulsive Di...
      Similarity: 0.328 (Low)
    Grant: Psilocybin for treatment of body image disturbance...
    Date range: 2023 - 2027
    Publications in range: 150
    MATCH FOUND!
      Publication: Investigation of brain iron in anorexia nervosa, a...
      Similarity: 0.255 (Low)
    Grant: Developing a blood test to aid in the diagnosis of...
    Date range: 2021 - 2025
    Publications in range: 369
    MATCH FOUND!
      Publication: Understanding and treating body dysmorphic disorde...
      Similarity: 0.247 (Low)
    Grant: Psilocybin-assisted psychotherapy for treatment-re...
    Date range: 2019 - 2025
    Publications in range: 591
    MATCH FOUND!
      Publication: Psilocybin-assisted therapy for depression: How do...
      Similarity: 0.440 (Medium)
    Grant: Investigating the relationship between glutathione...
    Date range: 2017 - 2021
    Publications in range: 524
    MATCH FOUND!
      Publication: Can We Use an Interventionist-Causal Paradigm to U...
      Similarity: 0.309 (Low)
    Grant: An investigation of neurocognitive abnormalities i...
    Date range: 2017 - 2021
    Publications in range: 524
    MATCH FOUND!
      Publication: Midbrain dysfunction in anorexia nervosa...
      Similarity: 0.377 (Low)
    Grant: Are plasm oxytocin and vasopressin levels associat...
    Date range: 2017 - 2019
    Publications in range: 261
    MATCH FOUND!
      Publication: Disorganised schizotypy is selectively associated ...
      Similarity: 0.237 (Low)
    Grant: Too stressed to think clearly? How microarray gene...
    Date range: 2016 - 2019
    Publications in range: 358
    Grant: Investigating factors that influence the efficacy ...
    Date range: 2014 - 2019
    Publications in range: 452
    MATCH FOUND!
      Publication: A systematic review of factors that influence the ...
      Similarity: 0.700 (High)
    Grant: A comprehensive investigation of neurocognitive, e...
    Date range: 2014 - 2019
    Publications in range: 452
    MATCH FOUND!
      Publication: Impaired Recognition of Negative Facial Emotions i...
      Similarity: 0.369 (Low)
    Grant: An examination of the characteristics (phenomenolo...
    Date range: 2014 - 2017
    Publications in range: 260
    MATCH FOUND!
      Publication: Auditory verbal hallucinations in bipolar disorder...
      Similarity: 0.534 (Medium)
    Grant: Comparison of the neurocognitive profiles in schiz...
    Date range: 2012 - 2015
    Publications in range: 134
    MATCH FOUND!
      Publication: An empirical evaluation of the MATRICS Consensus C...
      Similarity: 0.433 (Medium)
    Grant: Characterizing semantic memory using cognitive, ne...
    Date range: 2012 - 2015
    Publications in range: 134
\nProcessing Martin Williams (1 grants)...
  No publications found for Martin Williams
\nProcessing Luke Downey (1 grants)...
  Found 204 publications
    Grant: Use of Virtual Reality in facilitating psychedelic...
    Date range: 2024 - 2027
    Publications in range: 5
    MATCH FOUND!
      Publication: Producing Altered States of Consciousness, Reducin...
      Similarity: 0.281 (Low)
\nProcessing Laura Tirlea (1 grants)...
  Found 56 publications
    Grant: Psychological and Neurobiological changes followin...
    Date range: 2024 - 2027
    Publications in range: 6
    Publication not found in merged CSV: Health, Wellbeing and Empowerment E-workshops for ...
\nProcessing Junhua Xiao (2 grants)...
  Found 1 publications
    Grant: Simulated sailing: a new approach to ameliorate de...
    Date range: 2024 - 2027
    Publications in range: 1
    Grant: Investigating the risk factors of medical complica...
    Date range: 2022 - 2026
    Publications in range: 1
\nProcessing Sean Carruthers (4 grants)...
  Found 12 publications
    Grant: Investigating speech analysis as a digital suicide...
    Date range: 2023 - 2027
    Publications in range: 2
    Grant: Establishing the dynamic interaction between
sleep...
    Date range: 2022 - 2027
    Publications in range: 4
    Grant: A mixed-methods investigation of the retrospective...
    Date range: 2020 - 2025
    Publications in range: 10
    MATCH FOUND!
      Publication: Psychosis and Hopelessness Mediate the Relationshi...
      Similarity: 0.318 (Low)
    Grant: Can we explain accelerated cognitive ageing using ...
    Date range: 2016 - 2019
    Publications in range: 2
\nProcessing William Woods (1 grants)...
  Found 63 publications
    Grant: Feasibility study of tVNS as a therapy for early a...
    Date range: 2023 - 2027
    Publications in range: 4
\nProcessing Donny Camera (1 grants)...
  Found 67 publications
    Grant: Determining the synergistic effects of creatine su...
    Date range: 2023 - 2027
    Publications in range: 0
\nProcessing Tom Arkell (1 grants)...
  Found 54 publications
    Grant: Sleep quality, depression and endocannabinoids
in ...
    Date range: 2022 - 2027
    Publications in range: 23
    MATCH FOUND!
      Publication: Assessment of Medical Cannabis and Health-Related ...
      Similarity: 0.204 (Low)
\nProcessing Peter Kingshott (1 grants)...
  Found 229 publications
    Grant: Detection of tau proteins associated with neurodeg...
    Date range: 2022 - 2026
    Publications in range: 3
\nProcessing Tatiana Kameneva (1 grants)...
  Found 137 publications
    Grant: Studying the effects of transcutaneous vagus
nerve...
    Date range: 2022 - 2026
    Publications in range: 46
    MATCH FOUND!
      Publication: Measuring brain response to transcutaneous vagus n...
      Similarity: 0.460 (Medium)
\nProcessing Philip Sumner (2 grants)...
  Found 75 publications
    Grant: Using
Speech to Identify Co-Morbid Depression in P...
    Date range: 2022 - 2025
    Publications in range: 37
    MATCH FOUND!
      Publication: Understanding self-report and neurocognitive asses...
      Similarity: 0.232 (Low)
    Grant: Can quantitative speech analysis techniques be use...
    Date range: 2021 - 2026
    Publications in range: 50
    MATCH FOUND!
      Publication: Understanding self-report and neurocognitive asses...
      Similarity: 0.205 (Low)
\nProcessing Amy Malcolm (1 grants)...
  Found 20 publications
    Grant: Do sleep problems predict increased suicidal
ideat...
    Date range: 2022 - 2025
    Publications in range: 7
    MATCH FOUND!
      Publication: Body dysmorphic disorder and the ugly truth of Aus...
      Similarity: 0.229 (Low)
\nProcessing Tessa Maguire (1 grants)...
  Found 12 publications
    Grant: Validating a risk assessment instrument to identif...
    Date range: 2021 - 2026
    Publications in range: 11
\nProcessing Dominic Orth (1 grants)...
  No publications found for Dominic Orth
\nProcessing Chinedu Ossai (1 grants)...
  Found 55 publications
    Grant: Technology and Dementia Care – A Conceptualisation...
    Date range: 2022 - 2025
    Publications in range: 7
    MATCH FOUND!
      Publication: The role of AI for developing digital twins in hea...
      Similarity: 0.269 (Low)
\nProcessing Maja Nedeljkovic (3 grants)...
  Found 192 publications
    Grant: Real-Time Assessment of Suicide Risk in Helpline S...
    Date range: 2021 - 2024
    Publications in range: 73
    MATCH FOUND!
      Publication: Using voice biomarkers to classify suicide risk in...
      Similarity: 0.263 (Low)
    Grant: Neural correlates of reward and punishment associa...
    Date range: 2016 - 2019
    Publications in range: 40
    MATCH FOUND!
      Publication: Emotion regulation in individuals with and without...
      Similarity: 0.310 (Low)
    Grant: Pilot evaluation of an online treatment program fo...
    Date range: 2013 - 2016
    Publications in range: 19
    MATCH FOUND!
Traceback (most recent call last):
  File "E:\Ponnu\BDBSF\match_grants_to_publications.py", line 271, in <module>
    main()
    ~~~~^^
  File "E:\Ponnu\BDBSF\match_grants_to_publications.py", line 268, in main
    match_grants_to_publications(grants_file, combined_folder, publications_csv, output_csv)
    ~~~~~~~~~~~~~~~~~~~~~~~~~~~~^^^^^^^^^^^^^^^^^^^^^^^^^^^^^^^^^^^^^^^^^^^^^^^^^^^^^^^^^^^^
  File "E:\Ponnu\BDBSF\match_grants_to_publications.py", line 225, in match_grants_to_publications
    print(f"      Publication: {pub_title_to_match[:50]}...")
    ~~~~~^^^^^^^^^^^^^^^^^^^^^^^^^^^^^^^^^^^^^^^^^^^^^^^^^^^^
  File "C:\Python313\Lib\encodings\cp1252.py", line 19, in encode
    return codecs.charmap_encode(input,self.errors,encoding_table)[0]
           ~~~~~~~~~~~~~~~~~~~~~^^^^^^^^^^^^^^^^^^^^^^^^^^^^^^^^^^
UnicodeEncodeError: 'charmap' codec can't encode character '\u2010' in position 24: character maps to <undefined>
